0 info it worked if it ends with ok
1 verbose cli [ '/usr/local/bin/node', '/usr/local/bin/npm', 'run', 'publish' ]
2 info using npm@3.10.3
3 info using node@v6.6.0
4 verbose run-script [ 'prepublish', 'publish', 'postpublish' ]
5 info lifecycle react-mobile@2.0.4~prepublish: react-mobile@2.0.4
6 silly lifecycle react-mobile@2.0.4~prepublish: no script for prepublish, continuing
7 info lifecycle react-mobile@2.0.4~publish: react-mobile@2.0.4
8 verbose lifecycle react-mobile@2.0.4~publish: unsafe-perm in lifecycle true
9 verbose lifecycle react-mobile@2.0.4~publish: PATH: /usr/local/lib/node_modules/npm/bin/node-gyp-bin:/Users/dulin/workspace/react-mobile/node_modules/.bin:/usr/local/bin:/usr/local/bin:/usr/bin:/bin:/usr/sbin:/sbin
10 verbose lifecycle react-mobile@2.0.4~publish: CWD: /Users/dulin/workspace/react-mobile
11 silly lifecycle react-mobile@2.0.4~publish: Args: [ '-c',
11 silly lifecycle   'npm run dll && cross-env NODE_ENV=production webpack --progress --hide-modules && git add . && git commit -m \'publish\' && git push &&  git push --tags' ]
12 silly lifecycle react-mobile@2.0.4~publish: Returned: code: 1  signal: null
13 info lifecycle react-mobile@2.0.4~publish: Failed to exec publish script
14 verbose stack Error: react-mobile@2.0.4 publish: `npm run dll && cross-env NODE_ENV=production webpack --progress --hide-modules && git add . && git commit -m 'publish' && git push &&  git push --tags`
14 verbose stack Exit status 1
14 verbose stack     at EventEmitter.<anonymous> (/usr/local/lib/node_modules/npm/lib/utils/lifecycle.js:242:16)
14 verbose stack     at emitTwo (events.js:106:13)
14 verbose stack     at EventEmitter.emit (events.js:191:7)
14 verbose stack     at ChildProcess.<anonymous> (/usr/local/lib/node_modules/npm/lib/utils/spawn.js:40:14)
14 verbose stack     at emitTwo (events.js:106:13)
14 verbose stack     at ChildProcess.emit (events.js:191:7)
14 verbose stack     at maybeClose (internal/child_process.js:877:16)
14 verbose stack     at Process.ChildProcess._handle.onexit (internal/child_process.js:226:5)
15 verbose pkgid react-mobile@2.0.4
16 verbose cwd /Users/dulin/workspace/react-mobile
17 error Darwin 15.6.0
18 error argv "/usr/local/bin/node" "/usr/local/bin/npm" "run" "publish"
19 error node v6.6.0
20 error npm  v3.10.3
21 error code ELIFECYCLE
22 error react-mobile@2.0.4 publish: `npm run dll && cross-env NODE_ENV=production webpack --progress --hide-modules && git add . && git commit -m 'publish' && git push &&  git push --tags`
22 error Exit status 1
23 error Failed at the react-mobile@2.0.4 publish script 'npm run dll && cross-env NODE_ENV=production webpack --progress --hide-modules && git add . && git commit -m 'publish' && git push &&  git push --tags'.
23 error Make sure you have the latest version of node.js and npm installed.
23 error If you do, this is most likely a problem with the react-mobile package,
23 error not with npm itself.
23 error Tell the author that this fails on your system:
23 error     npm run dll && cross-env NODE_ENV=production webpack --progress --hide-modules && git add . && git commit -m 'publish' && git push &&  git push --tags
23 error You can get information on how to open an issue for this project with:
23 error     npm bugs react-mobile
23 error Or if that isn't available, you can get their info via:
23 error     npm owner ls react-mobile
23 error There is likely additional logging output above.
24 verbose exit [ 1, true ]
